<?xml version="1.0" encoding="UTF-8"?>
<!-- Generated by org.testng.reporters.JUnitReportReporter -->
<testsuite hostname="LAPTOP-F48D2J5E" failures="0" tests="1" name="TestCases.HomePageTest" time="3.669" errors="0" timestamp="2024-07-04T20:04:59 IST" skipped="0">
  <testcase classname="TestCases.HomePageTest" name="page" time="3.669"/>
</testsuite> <!-- TestCases.HomePageTest -->
